🕐 Iniciando verificação de lembretes - 14/05/2026 08:00
📅 Verificando compromissos para: +1 dia (2026-05-15) e +3 dias (2026-05-17)
✅ Nenhum compromisso encontrado para as próximas datas.
🕐 Iniciando verificação de lembretes - 15/05/2026 08:00
📅 Verificando compromissos para: +1 dia (2026-05-16) e +3 dias (2026-05-18)
🔍 Telefone não encontrado para EDUARDO FREITAS ROBERTSON, buscando...
📱 Telefone encontrado no clientes para EDUARDO FREITAS ROBERTSON: (21) 98586-9163
📱 Enviando WhatsApp para: 21985869163
✅ WhatsApp enviado para 21985869163
✅ Lembrete 3 dias processado para EDUARDO FREITAS ROBERTSON (Email: False, WhatsApp: True)

==================================================
📊 RESUMO DO ENVIO DE LEMBRETES
==================================================
📅 Data da execução: 15/05/2026
✅ Lembretes 1 dia enviados: 0
✅ Lembretes 3 dias enviados: 1
⚠️ Compromissos sem contato: 0
==================================================
🕐 Iniciando verificação de lembretes - 16/05/2026 08:00
📅 Verificando compromissos para: +1 dia (2026-05-17) e +3 dias (2026-05-19)
🔍 Telefone não encontrado para EDUARDO FREITAS ROBERTSON, buscando...
📱 Telefone encontrado no clientes para EDUARDO FREITAS ROBERTSON: (21) 98586-9163
📱 Enviando WhatsApp para: 21985869163
❌ Erro WhatsApp: 403 - {"error":"Client-Token F65c27a64cd2e4984aa85a8f08040c2f7S not allowed"}
⚠️ Nenhum contato disponível para EDUARDO FREITAS ROBERTSON (ID: 62)

==================================================
📊 RESUMO DO ENVIO DE LEMBRETES
==================================================
📅 Data da execução: 16/05/2026
✅ Lembretes 1 dia enviados: 0
✅ Lembretes 3 dias enviados: 0
⚠️ Compromissos sem contato: 1
==================================================
🕐 Iniciando verificação de lembretes - 17/05/2026 08:00
📅 Verificando compromissos para: +1 dia (2026-05-18) e +3 dias (2026-05-20)
📱 Enviando WhatsApp para: 21985869163
❌ Erro WhatsApp: 403 - {"error":"Client-Token F65c27a64cd2e4984aa85a8f08040c2f7S not allowed"}
⚠️ Nenhum contato disponível para EDUARDO FREITAS ROBERTSON (ID: 61)

==================================================
📊 RESUMO DO ENVIO DE LEMBRETES
==================================================
📅 Data da execução: 17/05/2026
✅ Lembretes 1 dia enviados: 0
✅ Lembretes 3 dias enviados: 0
⚠️ Compromissos sem contato: 1
==================================================
